<?xml version="1.0" encoding="UTF-8"?>
<!-- Generated by org.testng.reporters.JUnitReportReporter -->
<testsuite hostname="LAPTOP-5URF67FJ" failures="0" tests="1" name="Framework.Tests.ErrorValidationTest" time="8.041" errors="0" timestamp="2024-10-03T19:55:22 IST" skipped="0">
  <testcase classname="Framework.Tests.ErrorValidationTest" name="loginErrorValidation" time="8.041"/>
</testsuite> <!-- Framework.Tests.ErrorValidationTest -->
