<?xml version="1.0" encoding="UTF-8"?>
<!-- Generated by org.testng.reporters.JUnitReportReporter -->
<testsuite hostname="LAPTOP-5URF67FJ" failures="0" tests="2" name="Framework.Tests.SubmitOrderTest" time="34.634" errors="0" timestamp="2024-10-04T18:14:43 IST" skipped="0">
  <testcase classname="Framework.Tests.SubmitOrderTest" name="submitOrders" time="16.261"/>
  <testcase classname="Framework.Tests.SubmitOrderTest" name="submitOrders" time="18.373"/>
</testsuite> <!-- Framework.Tests.SubmitOrderTest -->
